23 5 10 4
24 3 10 14
25 3 15 24
28 8 1 3
29 5 14 13
31 3 23 31
32 7 2 9
32 8 5 7
33 1 6 10
35 1 11 18
37 1 14 28
38 6 7 6
38 1 21 36
39 1 35 44
45 5 15 20
46 5 15 28
47 10 9 1
47 8 19 14
48 8 19 23
48 6 16 14
59 5 22 30
61 10 19 6
63 9 0 7
65 9 7 20
67 9 11 23
80 10 29 8
81 1 40 49
83 9 20 26
144 1 44 50
146 10 39 17
146 8 23 28
147 8 28 34
148 3 33 38
148 8 36 40
153 8 37 48
156 9 29 30
157 9 33 38
158 7 7 10
160 8 40 48
161 9 41 41
162 10 46 21
164 7 10 12
164 10 48 28
165 1 47 53
169 1 47 60
169 3 48 45
169 8 40 56
170 8 44 58
171 10 57 33
173 7 12 22
175 1 55 63
175 10 62 40
175 7 17 23
176 7 27 23
176 3 52 47
177 3 55 55
180 7 34 23
181 3 56 58
181 8 54 72
185 3 61 63
185 9 56 56
185 8 57 76
186 3 66 68
186 7 41 32
186 8 65 85
187 7 47 35
187 8 70 86
187 3 74 75
187 9 58 56
188 9 59 63
189 3 76 85
189 10 68 41
189 8 80 96
192 3 79 88
193 3 86 101
193 8 81 105
195 7 49 35
195 1 64 70
196 3 93 105
197 8 86 108
198 3 94 110
198 10 73 51
199 3 99 118
204 7 55 36
205 8 95 113
208 8 100 115
208 10 73 57
