23 7 10 3
58 1 2 4
61 3 4 4
62 1 8 6
63 2 7 0
65 2 20 7
67 2 23 11
71 1 12 9
72 10 8 1
73 3 10 11
76 3 10 14
76 1 19 16
79 1 26 24
83 2 26 20
92 3 11 23
94 10 11 3
97 3 14 29
99 7 13 8
101 3 17 33
101 1 30 24
102 10 11 12
102 7 16 12
103 1 30 31
104 3 20 43
105 3 26 46
106 1 38 38
114 3 27 52
115 1 40 44
115 3 32 54
116 10 13 21
117 1 47 49
117 7 22 22
120 10 19 27
125 7 31 28
127 1 54 51
127 3 33 61
127 10 20 29
132 3 33 61
156 2 30 29
157 2 38 33
161 2 41 41
164 10 24 39
166 8 9 9
169 7 31 34
171 1 55 51
171 8 11 19
171 3 33 62
173 8 16 21
174 3 40 65
175 8 22 29
175 10 32 47
176 7 39 42
176 8 31 31
177 8 31 35
178 8 39 38
182 10 39 47
183 7 49 49
184 10 43 47
185 3 55 74
185 2 56 56
187 3 58 83
187 2 56 58
187 10 52 49
188 7 53 56
188 2 63 59
189 8 41 47
190 1 56 51
190 8 46 57
190 3 58 93
227 3 68 101
235 3 84 108
236 8 55 67
237 8 62 73
237 7 59 65
239 3 84 108
240 7 61 71
242 3 85 118
242 8 64 82
243 8 64 85
244 3 95 126
244 7 64 81
245 8 71 92
245 3 95 129
247 7 69 86
249 7 69 91
251 7 74 96
252 7 84 101
264 3 95 133
264 8 74 100
271 8 89 107
275 3 95 139
276 8 96 109
277 7 89 108
277 8 102 116
279 8 108 119
279 3 100 140
282 8 111 123
282 7 94 115
284 3 102 142
284 7 103 120
285 8 119 133
287 7 110 125
289 8 123 142
297 3 111 149
298 3 115 155
299 8 132 151
300 7 122 125
303 7 124 132
303 8 137 153
305 7 129 135
310 7 136 136
310 8 145 161
313 3 121 163
313 7 145 141
314 7 153 142
314 8 148 161
317 7 154 145
318 7 161 148
322 8 148 169
324 8 154 172
325 8 170 185
326 8 170 185
329 8 171 191
332 8 181 196
333 8 183 205
334 8 188 209
335 8 190 216
337 7 162 155
339 7 168 156
342 7 172 164
343 8 198 221
343 7 172 167
346 8 205 221
346 7 180 170
347 7 187 179
352 8 205 222
352 7 192 184
353 7 195 184
353 8 215 232
354 8 226 241
355 8 233 241
356 8 242 243
357 8 257 253
361 7 203 193
364 7 214 198
366 7 216 202
377 7 218 204
378 7 223 212
380 7 224 216
383 7 224 220
394 7 228 220
402 7 230 221
405 7 232 227
406 7 238 242
409 7 254 253
411 7 262 254
412 7 266 259
413 7 270 259
423 7 280 268
424 7 287 276
425 7 288 286
433 7 289 286
434 7 298 302
