33 7 10 0
33 8 7 1
33 2 10 6
33 5 7 7
35 2 18 11
35 3 0 10
36 10 10 2
37 2 28 14
37 8 17 8
37 4 5 1
38 5 14 11
38 2 36 21
39 8 17 11
39 2 44 35
39 6 1 1
44 5 18 18
48 10 18 12
51 10 24 12
54 5 26 23
58 9 4 2
58 5 37 34
61 3 9 20
62 9 6 8
70 3 11 29
71 3 11 34
71 9 9 12
71 10 27 15
72 10 35 16
76 9 16 19
79 9 24 26
80 10 45 20
80 3 17 39
81 2 49 40
83 10 53 25
85 3 20 39
89 3 22 45
90 3 26 55
92 10 70 35
92 3 30 56
93 3 32 57
96 3 41 62
97 3 50 63
99 10 77 38
101 9 24 30
103 9 31 30
106 9 38 38
110 7 14 9
111 3 51 63
113 3 55 69
115 3 70 79
115 9 44 40
117 9 49 47
117 10 78 42
119 7 22 13
120 10 79 44
127 9 51 54
132 10 79 46
139 7 29 16
141 10 86 53
142 10 91 54
144 8 17 21
144 2 50 44
145 10 96 60
150 3 80 79
153 3 87 87
158 8 23 29
158 10 104 64
159 7 39 20
162 8 30 34
165 7 48 22
165 2 53 47
166 8 31 35
166 3 95 91
166 10 114 77
169 2 60 47
169 8 32 41
171 8 42 47
171 10 114 83
171 9 51 55
172 10 123 90
175 2 63 55
178 3 95 93
178 8 46 51
179 10 126 94
182 3 104 99
184 10 136 95
185 10 137 95
186 3 114 102
186 7 55 23
187 10 140 102
188 7 63 29
188 3 114 105
190 9 51 56
191 8 51 54
195 10 148 103
195 3 125 118
195 2 70 64
