36 1 2 10
37 7 9 2
37 6 10 7
38 5 7 15
38 6 18 13
38 8 5 9
39 5 13 21
43 7 17 2
44 3 7 4
47 2 1 9
48 1 12 18
51 1 12 24
51 5 17 30
61 2 6 19
64 3 15 12
71 1 15 27
72 1 16 35
72 9 1 8
73 3 23 14
80 1 20 45
80 2 8 29
81 3 26 15
83 1 25 53
86 3 30 21
92 1 35 70
92 3 40 25
94 9 3 11
95 7 27 10
96 3 44 28
97 7 46 13
99 1 38 77
102 9 12 11
105 7 47 13
111 7 48 22
116 3 45 32
116 9 21 13
117 1 42 78
118 3 46 38
120 1 44 79
120 9 27 19
127 9 29 20
128 3 54 41
132 1 46 79
135 7 48 29
140 8 11 17
141 1 53 86
142 1 54 91
142 3 58 46
144 3 62 49
145 1 60 96
146 2 17 39
147 8 21 28
152 3 70 58
152 8 31 35
153 7 55 29
155 3 72 62
158 1 64 104
159 7 63 37
162 3 78 72
162 2 21 46
163 8 34 41
164 9 39 24
164 2 28 48
166 1 77 114
166 8 34 50
169 8 35 57
169 7 63 40
171 1 83 114
171 2 33 57
172 1 90 123
172 7 71 40
172 8 38 66
173 8 44 75
174 7 75 42
175 2 40 62
175 9 47 32
177 3 79 79
179 1 94 126
180 3 88 80
180 7 83 44
182 9 47 39
183 7 87 45
184 1 95 136
184 9 47 43
185 1 95 137
187 1 102 140
187 9 49 52
188 3 98 88
189 2 41 68
192 8 48 83
192 7 93 48
194 7 109 56
194 3 108 91
195 1 103 148
195 8 53 84
196 7 109 65
197 7 113 66
198 2 51 73
201 7 119 72
203 7 123 73
203 3 108 100
204 7 132 78
205 7 139 87
208 7 149 87
208 2 57 73
211 8 53 91
213 7 156 91
216 3 117 106
216 8 59 100
218 7 158 99
218 3 126 115
