23 3 2 0
26 7 10 10
28 2 3 1
30 3 7 5
32 2 7 5
33 1 1 7
34 3 11 14
36 5 6 8
37 7 20 19
37 1 8 17
38 10 9 5
39 1 11 17
42 7 21 25
43 4 5 10
46 3 18 20
47 2 14 19
48 2 23 19
48 3 22 24
140 7 29 30
140 10 17 11
143 3 27 30
144 1 21 17
146 3 33 31
146 2 28 23
147 10 28 21
147 2 34 28
148 2 40 36
152 3 38 44
152 10 35 31
153 2 48 37
156 7 35 35
158 1 29 23
159 7 36 35
160 7 48 45
160 2 48 40
162 1 34 30
162 3 44 46
162 7 54 49
163 10 41 34
165 7 62 54
166 1 35 31
166 10 50 34
166 9 9 9
168 7 69 61
169 10 57 35
169 1 41 32
169 2 56 40
170 2 58 44
171 1 47 42
171 7 72 67
171 9 19 11
172 10 66 38
173 10 75 44
173 9 21 16
175 3 47 51
175 9 29 22
176 9 31 31
177 9 35 31
178 1 51 46
178 7 81 71
178 9 38 39
181 2 72 54
182 7 87 73
184 3 56 61
185 7 88 83
185 2 76 57
186 2 85 65
187 7 95 85
187 2 86 70
189 3 63 71
189 2 96 80
189 9 47 41
190 9 57 46
190 3 64 74
191 1 54 51
192 10 83 48
193 3 66 76
193 2 105 81
193 7 98 91
195 7 107 100
195 10 84 53
197 2 108 86
198 7 113 110
200 3 75 77
201 3 84 83
203 7 115 111
204 3 94 90
205 3 101 96
205 2 113 95
207 7 121 111
208 2 115 100
210 3 110 104
211 3 120 109
211 10 91 53
212 3 129 119
215 3 136 123
215 7 126 117
216 3 142 125
216 10 100 59
218 3 144 131
218 7 133 118
236 9 67 55
237 9 73 62
239 7 143 125
240 3 144 137
241 3 157 151
242 9 82 64
242 3 157 159
243 3 173 172
243 9 85 64
244 3 190 189
245 9 92 71
246 3 191 198
248 7 148 127
249 7 153 136
254 7 170 150
255 7 178 153
258 3 191 205
260 3 192 211
261 3 202 217
262 3 205 220
264 9 100 74
265 7 184 156
266 7 191 156
267 3 207 230
268 3 210 230
269 7 198 163
271 9 107 89
276 7 212 166
276 9 109 96
277 7 217 175
277 3 216 237
277 9 116 102
279 3 216 242
279 7 224 182
279 9 119 108
282 9 123 111
284 3 224 249
285 9 133 119
289 9 142 123
290 3 227 251
291 3 230 252
291 7 233 188
292 3 239 253
293 7 242 202
295 3 241 263
298 7 251 210
299 7 252 211
299 9 151 132
303 9 153 137
308 7 253 219
310 7 257 225
310 9 161 145
311 7 260 228
314 3 242 273
314 7 270 232
314 9 161 148
320 7 275 234
322 9 169 148
324 9 172 154
325 9 185 170
326 9 185 170
329 9 191 171
332 9 196 181
333 9 205 183
334 9 209 188
335 9 216 190
336 7 279 241
337 7 289 250
342 7 298 257
343 9 221 198
344 7 299 266
345 7 309 272
346 9 221 205
348 7 310 276
349 7 315 277
350 7 328 293
352 9 222 205
353 7 328 294
353 9 232 215
354 7 336 299
354 9 241 226
355 9 241 233
356 9 243 242
357 9 253 257
