11 5 0 3
13 5 9 8
15 5 12 9
20 5 21 16
20 3 10 6
21 3 17 11
23 9 3 10
26 8 10 10
27 5 27 20
29 5 32 27
30 3 27 19
32 2 9 2
33 1 0 10
36 3 31 28
37 8 19 20
37 10 2 9
42 8 25 21
43 10 2 17
44 5 39 36
47 5 44 40
95 10 10 27
97 10 13 46
97 3 32 30
99 9 8 13
102 3 42 31
102 9 12 16
105 10 13 47
106 3 47 41
110 1 9 14
111 10 22 48
113 3 56 46
115 3 61 48
116 3 61 52
117 9 22 22
119 1 13 22
125 9 28 31
133 3 66 56
134 3 68 62
135 10 29 48
137 3 71 72
139 1 16 29
140 8 30 29
142 3 76 72
144 3 77 79
149 3 86 81
153 10 29 55
156 8 35 35
158 2 10 7
159 10 37 63
159 1 20 39
159 8 35 36
160 8 45 48
162 8 49 54
164 2 12 10
165 1 22 48
165 8 54 62
168 8 61 69
169 10 40 63
169 9 34 31
171 8 67 72
172 10 40 71
173 2 22 12
174 10 42 75
175 2 23 17
176 9 42 39
176 2 23 27
177 3 95 83
178 8 71 81
180 10 44 83
180 3 96 83
180 2 23 34
182 3 96 88
182 8 73 87
183 10 45 87
183 9 49 49
185 8 83 88
186 2 32 41
186 1 23 55
187 2 35 47
187 8 85 95
188 1 29 63
188 3 104 97
188 9 56 53
192 10 48 93
192 3 104 98
193 8 91 98
194 10 56 109
194 3 110 108
195 8 100 107
195 2 35 49
196 10 65 109
197 10 66 113
197 3 118 116
198 8 110 113
201 3 123 122
201 10 72 119
203 10 73 123
203 3 132 123
203 8 111 115
204 10 78 132
204 2 36 55
205 3 139 130
205 10 87 139
207 8 111 121
208 3 149 134
208 10 87 149
212 3 149 141
213 10 91 156
215 3 159 148
215 8 117 126
216 3 164 157
218 10 99 158
218 8 118 133
219 3 172 167
232 3 173 167
235 3 183 175
237 9 65 59
239 8 125 143
240 9 71 61
242 3 186 183
244 9 81 64
246 3 188 185
247 9 86 69
248 3 192 187
248 8 127 148
249 8 136 153
249 9 91 69
250 3 198 190
251 3 200 199
251 9 96 74
252 9 101 84
254 8 150 170
255 8 153 178
258 3 205 205
259 3 210 224
262 3 213 233
263 3 213 239
265 8 156 184
266 8 156 191
269 8 163 198
274 3 218 246
276 8 166 212
277 9 108 89
277 8 175 217
279 8 182 224
280 3 221 251
282 3 225 260
282 9 115 94
284 3 231 266
284 9 120 103
287 9 125 110
290 3 241 273
291 3 245 282
291 8 188 233
293 8 202 242
294 3 247 284
298 8 210 251
299 8 211 252
300 9 125 122
303 9 132 124
305 9 135 129
308 8 219 253
310 3 257 288
310 8 225 257
310 9 136 136
311 8 228 260
312 3 265 295
313 9 141 145
314 8 232 270
314 9 142 153
317 3 265 297
317 9 145 154
318 9 148 161
319 3 275 302
320 8 234 275
322 3 291 306
323 3 297 310
336 8 241 279
337 9 155 162
337 8 250 289
339 9 156 168
342 8 257 298
342 9 164 172
343 9 167 172
344 8 266 299
345 8 272 309
346 9 170 180
347 9 179 187
348 8 276 310
349 8 277 315
350 8 293 328
352 9 184 192
353 8 294 328
353 9 184 195
354 8 299 336
361 9 193 203
364 9 198 214
366 9 202 216
377 9 204 218
378 9 212 223
380 9 216 224
383 9 220 224
394 9 220 228
402 9 221 230
405 9 227 232
406 9 242 238
409 9 253 254
411 9 254 262
412 9 259 266
413 9 259 270
423 9 268 280
424 9 276 287
425 9 286 288
433 9 286 289
434 9 302 298
