20 7 6 10
21 7 11 17
23 8 0 2
24 2 14 10
25 2 24 15
30 7 19 27
30 8 5 7
31 2 31 23
34 8 14 11
35 1 10 0
36 7 28 31
38 6 6 8
44 10 4 7
46 8 20 18
48 8 24 22
48 5 9 2
58 5 13 11
61 1 20 9
61 9 4 4
64 10 12 15
70 1 29 11
71 1 34 11
73 10 14 23
73 9 11 10
76 9 14 10
80 1 39 17
81 10 15 26
85 1 39 20
86 10 21 30
89 1 45 22
90 1 55 26
92 10 25 40
92 1 56 30
92 9 23 11
93 1 57 32
96 1 62 41
96 10 28 44
97 1 63 50
97 9 29 14
97 7 30 32
101 9 33 17
102 7 31 42
104 9 43 20
105 9 46 26
106 7 41 47
111 1 63 51
113 1 69 55
113 7 46 56
114 9 52 27
115 1 79 70
115 9 54 32
115 7 48 61
116 7 52 61
116 10 32 45
118 10 38 46
127 9 61 33
128 10 41 54
132 9 61 33
133 7 56 66
134 7 62 68
137 7 72 71
142 10 46 58
142 7 72 76
143 8 30 27
144 7 79 77
144 10 49 62
146 8 31 33
148 2 38 33
149 7 81 86
150 1 79 80
152 8 44 38
152 10 58 70
153 1 87 87
155 10 62 72
162 8 46 44
162 10 72 78
166 1 91 95
169 2 45 48
171 9 62 33
174 9 65 40
175 8 51 47
176 2 47 52
177 7 83 95
177 10 79 79
177 2 55 55
178 1 93 95
180 10 80 88
180 7 83 96
181 2 58 56
182 1 99 104
182 7 88 96
184 8 61 56
185 9 74 55
185 2 63 61
186 2 68 66
186 1 102 114
187 9 83 58
187 2 75 74
188 1 105 114
188 10 88 98
188 7 97 104
189 2 85 76
189 8 71 63
190 8 74 64
190 9 93 58
192 7 98 104
192 2 88 79
193 8 76 66
193 2 101 86
194 10 91 108
194 7 108 110
195 1 118 125
196 2 105 93
197 7 116 118
198 2 110 94
199 2 118 99
200 8 77 75
201 7 122 123
201 8 83 84
203 10 100 108
203 7 123 132
204 8 90 94
205 8 96 101
205 7 130 139
208 7 134 149
210 8 104 110
211 8 109 120
212 8 119 129
212 7 141 149
215 8 123 136
215 7 148 159
216 8 125 142
216 10 106 117
216 7 157 164
218 8 131 144
218 10 115 126
219 7 167 172
227 9 101 68
232 7 167 173
235 7 175 183
235 9 108 84
239 9 108 84
240 8 137 144
241 8 151 157
242 9 118 85
242 7 183 186
242 8 159 157
243 8 172 173
244 8 189 190
244 9 126 95
245 9 129 95
246 7 185 188
246 8 198 191
248 7 187 192
250 7 190 198
251 7 199 200
258 7 205 205
258 8 205 191
259 7 224 210
260 8 211 192
261 8 217 202
262 7 233 213
262 8 220 205
263 7 239 213
264 9 133 95
267 8 230 207
268 8 230 210
274 7 246 218
275 9 139 95
277 8 237 216
279 8 242 216
279 9 140 100
280 7 251 221
282 7 260 225
284 8 249 224
284 7 266 231
284 9 142 102
290 7 273 241
290 8 251 227
291 8 252 230
291 7 282 245
292 8 253 239
294 7 284 247
295 8 263 241
297 9 149 111
298 9 155 115
310 7 288 257
312 7 295 265
313 9 163 121
314 8 273 242
317 7 297 265
319 7 302 275
322 7 306 291
323 7 310 297
